[2024-10-08 02:02:08 +0800] [826758] [INFO] Handling signal: term
[2024-10-08 02:02:08 +0800] [826763] [INFO] Shutting down
[2024-10-08 02:02:08 +0800] [826760] [INFO] Shutting down
[2024-10-08 02:02:08 +0800] [826762] [INFO] Shutting down
[2024-10-08 02:02:08 +0800] [826761] [INFO] Shutting down
[2024-10-08 02:02:08 +0800] [826763] [INFO] Finished server process [826763]
[2024-10-08 02:02:08 +0800] [826760] [INFO] Finished server process [826760]
[2024-10-08 02:02:08 +0800] [826758] [ERROR] Worker (pid:826763) was sent SIGTERM!
[2024-10-08 02:02:08 +0800] [826758] [ERROR] Worker (pid:826760) was sent SIGTERM!
[2024-10-08 02:02:08 +0800] [826762] [INFO] Finished server process [826762]
[2024-10-08 02:02:08 +0800] [826758] [ERROR] Worker (pid:826762) was sent SIGTERM!
[2024-10-08 02:02:08 +0800] [826761] [INFO] Finished server process [826761]
[2024-10-08 02:02:08 +0800] [826758] [ERROR] Worker (pid:826761) was sent SIGTERM!
[2024-10-08 02:02:09 +0800] [826758] [INFO] Shutting down: Master
[2024-10-08 02:02:14 +0800] [834644] [INFO] Starting gunicorn 23.0.0
[2024-10-08 02:02:14 +0800] [834644] [INFO] Listening at: http://0.0.0.0:8896 (834644)
[2024-10-08 02:02:14 +0800] [834644] [INFO] Using worker: uvicorn.workers.UvicornWorker
[2024-10-08 02:02:14 +0800] [834646] [INFO] Booting worker with pid: 834646
[2024-10-08 02:02:14 +0800] [834647] [INFO] Booting worker with pid: 834647
[2024-10-08 02:02:14 +0800] [834648] [INFO] Booting worker with pid: 834648
[2024-10-08 02:02:14 +0800] [834649] [INFO] Booting worker with pid: 834649
[2024-10-08 02:02:18 +0800] [834646] [INFO] Started server process [834646]
[2024-10-08 02:02:18 +0800] [834646] [INFO] Waiting for application startup.
[2024-10-08 02:02:18 +0800] [834646] [INFO] ASGI 'lifespan' protocol appears unsupported.
[2024-10-08 02:02:18 +0800] [834646] [INFO] Application startup complete.
[2024-10-08 02:02:18 +0800] [834647] [INFO] Started server process [834647]
[2024-10-08 02:02:18 +0800] [834647] [INFO] Waiting for application startup.
[2024-10-08 02:02:18 +0800] [834647] [INFO] ASGI 'lifespan' protocol appears unsupported.
[2024-10-08 02:02:18 +0800] [834647] [INFO] Application startup complete.
[2024-10-08 02:02:19 +0800] [834649] [INFO] Started server process [834649]
[2024-10-08 02:02:19 +0800] [834649] [INFO] Waiting for application startup.
[2024-10-08 02:02:19 +0800] [834649] [INFO] ASGI 'lifespan' protocol appears unsupported.
[2024-10-08 02:02:19 +0800] [834649] [INFO] Application startup complete.
[2024-10-08 02:02:19 +0800] [834648] [INFO] Started server process [834648]
[2024-10-08 02:02:19 +0800] [834648] [INFO] Waiting for application startup.
[2024-10-08 02:02:19 +0800] [834648] [INFO] ASGI 'lifespan' protocol appears unsupported.
[2024-10-08 02:02:19 +0800] [834648] [INFO] Application startup complete.
