2024-08-03 15:46:55 Check service status: gunicorn -> running at 14708
2024-08-03 15:46:55 Check service status: flower -> running at 14709
2024-08-03 15:46:55 Check service status: beat -> running at 14710
2024-08-03 15:46:55 Check service status: celery_default -> running at 14711
2024-08-03 15:47:25 Check service status: gunicorn -> running at 14708
2024-08-03 15:47:25 Check service status: flower -> running at 14709
2024-08-03 15:47:25 Check service status: beat -> running at 14710
2024-08-03 15:47:25 Check service status: celery_default -> running at 14711
2024-08-03 15:47:55 Check service status: gunicorn -> running at 14708
2024-08-03 15:47:55 Check service status: flower -> running at 14709
2024-08-03 15:47:55 Check service status: beat -> running at 14710
2024-08-03 15:47:55 Check service status: celery_default -> running at 14711
2024-08-03 15:48:25 Check service status: gunicorn -> running at 14708
2024-08-03 15:48:25 Check service status: flower -> running at 14709
2024-08-03 15:48:25 Check service status: beat -> running at 14710
2024-08-03 15:48:25 Check service status: celery_default -> running at 14711
2024-08-03 15:48:55 Check service status: gunicorn -> running at 14708
2024-08-03 15:48:55 Check service status: flower -> running at 14709
2024-08-03 15:48:55 Check service status: beat -> running at 14710
2024-08-03 15:48:55 Check service status: celery_default -> running at 14711
2024-08-03 15:49:25 Check service status: gunicorn -> running at 14708
2024-08-03 15:49:25 Check service status: flower -> running at 14709
2024-08-03 15:49:25 Check service status: beat -> running at 14710
2024-08-03 15:49:25 Check service status: celery_default -> running at 14711
2024-08-03 15:49:55 Check service status: gunicorn -> running at 14708
2024-08-03 15:49:55 Check service status: flower -> running at 14709
2024-08-03 15:49:55 Check service status: beat -> running at 14710
2024-08-03 15:49:55 Check service status: celery_default -> running at 14711
2024-08-03 15:50:25 Check service status: gunicorn -> running at 14708
2024-08-03 15:50:25 Check service status: flower -> running at 14709
2024-08-03 15:50:25 Check service status: beat -> running at 14710
2024-08-03 15:50:25 Check service status: celery_default -> running at 14711
2024-08-03 15:50:55 Check service status: gunicorn -> running at 14708
2024-08-03 15:50:55 Check service status: flower -> running at 14709
2024-08-03 15:50:55 Check service status: beat -> running at 14710
2024-08-03 15:50:55 Check service status: celery_default -> running at 14711
2024-08-03 15:51:25 Check service status: gunicorn -> running at 14708
2024-08-03 15:51:25 Check service status: flower -> running at 14709
2024-08-03 15:51:25 Check service status: beat -> running at 14710
2024-08-03 15:51:25 Check service status: celery_default -> running at 14711
2024-08-03 15:51:55 Check service status: gunicorn -> running at 14708
2024-08-03 15:51:55 Check service status: flower -> running at 14709
2024-08-03 15:51:55 Check service status: beat -> running at 14710
2024-08-03 15:51:55 Check service status: celery_default -> running at 14711
2024-08-03 15:52:25 Check service status: gunicorn -> running at 14708
2024-08-03 15:52:25 Check service status: flower -> running at 14709
2024-08-03 15:52:25 Check service status: beat -> running at 14710
2024-08-03 15:52:25 Check service status: celery_default -> running at 14711
2024-08-03 15:52:55 Check service status: gunicorn -> running at 14708
2024-08-03 15:52:55 Check service status: flower -> running at 14709
2024-08-03 15:52:55 Check service status: beat -> running at 14710
2024-08-03 15:52:55 Check service status: celery_default -> running at 14711
2024-08-03 15:53:25 Check service status: gunicorn -> running at 14708
2024-08-03 15:53:25 Check service status: flower -> running at 14709
2024-08-03 15:53:25 Check service status: beat -> running at 14710
2024-08-03 15:53:25 Check service status: celery_default -> running at 14711
2024-08-03 15:53:55 Check service status: gunicorn -> running at 14708
2024-08-03 15:53:55 Check service status: flower -> running at 14709
2024-08-03 15:53:55 Check service status: beat -> running at 14710
2024-08-03 15:53:55 Check service status: celery_default -> running at 14711
2024-08-03 15:54:25 Check service status: gunicorn -> running at 14708
2024-08-03 15:54:25 Check service status: flower -> running at 14709
2024-08-03 15:54:25 Check service status: beat -> running at 14710
2024-08-03 15:54:25 Check service status: celery_default -> running at 14711
2024-08-03 15:54:55 Check service status: gunicorn -> running at 14708
2024-08-03 15:54:55 Check service status: flower -> running at 14709
2024-08-03 15:54:55 Check service status: beat -> running at 14710
2024-08-03 15:54:55 Check service status: celery_default -> running at 14711
2024-08-03 15:55:25 Check service status: gunicorn -> running at 14708
2024-08-03 15:55:25 Check service status: flower -> running at 14709
2024-08-03 15:55:25 Check service status: beat -> running at 14710
2024-08-03 15:55:25 Check service status: celery_default -> running at 14711
2024-08-03 15:55:55 Check service status: gunicorn -> running at 14708
2024-08-03 15:55:55 Check service status: flower -> running at 14709
2024-08-03 15:55:55 Check service status: beat -> running at 14710
2024-08-03 15:55:55 Check service status: celery_default -> running at 14711
2024-08-03 15:56:25 Check service status: gunicorn -> running at 14708
2024-08-03 15:56:25 Check service status: flower -> running at 14709
2024-08-03 15:56:25 Check service status: beat -> running at 14710
2024-08-03 15:56:25 Check service status: celery_default -> running at 14711
2024-08-03 15:56:55 Check service status: gunicorn -> running at 14708
2024-08-03 15:56:55 Check service status: flower -> running at 14709
2024-08-03 15:56:55 Check service status: beat -> running at 14710
2024-08-03 15:56:55 Check service status: celery_default -> running at 14711
2024-08-03 15:57:25 Check service status: gunicorn -> running at 14708
2024-08-03 15:57:25 Check service status: flower -> running at 14709
2024-08-03 15:57:25 Check service status: beat -> running at 14710
2024-08-03 15:57:25 Check service status: celery_default -> running at 14711
2024-08-03 15:57:55 Check service status: gunicorn -> running at 14708
2024-08-03 15:57:55 Check service status: flower -> running at 14709
2024-08-03 15:57:55 Check service status: beat -> running at 14710
2024-08-03 15:57:55 Check service status: celery_default -> running at 14711
2024-08-03 15:58:25 Check service status: gunicorn -> running at 14708
2024-08-03 15:58:25 Check service status: flower -> running at 14709
2024-08-03 15:58:25 Check service status: beat -> running at 14710
2024-08-03 15:58:25 Check service status: celery_default -> running at 14711
2024-08-03 15:58:55 Check service status: gunicorn -> running at 14708
2024-08-03 15:58:55 Check service status: flower -> running at 14709
2024-08-03 15:58:55 Check service status: beat -> running at 14710
2024-08-03 15:58:55 Check service status: celery_default -> running at 14711
2024-08-03 15:59:25 Check service status: gunicorn -> running at 14708
2024-08-03 15:59:25 Check service status: flower -> running at 14709
2024-08-03 15:59:25 Check service status: beat -> running at 14710
2024-08-03 15:59:25 Check service status: celery_default -> running at 14711
2024-08-03 15:59:55 Check service status: gunicorn -> running at 14708
2024-08-03 15:59:55 Check service status: flower -> running at 14709
2024-08-03 15:59:55 Check service status: beat -> running at 14710
2024-08-03 15:59:55 Check service status: celery_default -> running at 14711
2024-08-03 16:00:25 Check service status: gunicorn -> running at 14708
2024-08-03 16:00:25 Check service status: flower -> running at 14709
2024-08-03 16:00:25 Check service status: beat -> running at 14710
2024-08-03 16:00:25 Check service status: celery_default -> running at 14711
2024-08-03 16:00:55 Check service status: gunicorn -> running at 14708
2024-08-03 16:00:55 Check service status: flower -> running at 14709
2024-08-03 16:00:55 Check service status: beat -> running at 14710
2024-08-03 16:00:55 Check service status: celery_default -> running at 14711
2024-08-03 16:01:25 Check service status: gunicorn -> running at 14708
2024-08-03 16:01:25 Check service status: flower -> running at 14709
2024-08-03 16:01:25 Check service status: beat -> running at 14710
2024-08-03 16:01:25 Check service status: celery_default -> running at 14711
2024-08-03 16:01:55 Check service status: gunicorn -> running at 14708
2024-08-03 16:01:55 Check service status: flower -> running at 14709
2024-08-03 16:01:55 Check service status: beat -> running at 14710
2024-08-03 16:01:55 Check service status: celery_default -> running at 14711
2024-08-03 16:02:25 Check service status: gunicorn -> running at 14708
2024-08-03 16:02:25 Check service status: flower -> running at 14709
2024-08-03 16:02:25 Check service status: beat -> running at 14710
2024-08-03 16:02:25 Check service status: celery_default -> running at 14711
2024-08-03 16:02:55 Check service status: gunicorn -> running at 14708
2024-08-03 16:02:55 Check service status: flower -> running at 14709
2024-08-03 16:02:55 Check service status: beat -> running at 14710
2024-08-03 16:02:55 Check service status: celery_default -> running at 14711
2024-08-03 16:03:25 Check service status: gunicorn -> running at 14708
2024-08-03 16:03:25 Check service status: flower -> running at 14709
2024-08-03 16:03:25 Check service status: beat -> running at 14710
2024-08-03 16:03:25 Check service status: celery_default -> running at 14711
2024-08-03 16:03:55 Check service status: gunicorn -> running at 14708
2024-08-03 16:03:55 Check service status: flower -> running at 14709
2024-08-03 16:03:55 Check service status: beat -> running at 14710
2024-08-03 16:03:55 Check service status: celery_default -> running at 14711
2024-08-03 16:04:25 Check service status: gunicorn -> running at 14708
2024-08-03 16:04:25 Check service status: flower -> running at 14709
2024-08-03 16:04:25 Check service status: beat -> running at 14710
2024-08-03 16:04:25 Check service status: celery_default -> running at 14711
2024-08-03 16:04:55 Check service status: gunicorn -> running at 14708
2024-08-03 16:04:55 Check service status: flower -> running at 14709
2024-08-03 16:04:55 Check service status: beat -> running at 14710
2024-08-03 16:04:55 Check service status: celery_default -> running at 14711
2024-08-03 16:05:25 Check service status: gunicorn -> running at 14708
2024-08-03 16:05:25 Check service status: flower -> running at 14709
2024-08-03 16:05:25 Check service status: beat -> running at 14710
2024-08-03 16:05:25 Check service status: celery_default -> running at 14711
2024-08-03 16:05:55 Check service status: gunicorn -> running at 14708
2024-08-03 16:05:55 Check service status: flower -> running at 14709
2024-08-03 16:05:55 Check service status: beat -> running at 14710
2024-08-03 16:05:55 Check service status: celery_default -> running at 14711
2024-08-03 16:06:25 Check service status: gunicorn -> running at 14708
2024-08-03 16:06:25 Check service status: flower -> running at 14709
2024-08-03 16:06:25 Check service status: beat -> running at 14710
2024-08-03 16:06:25 Check service status: celery_default -> running at 14711
2024-08-03 16:06:55 Check service status: gunicorn -> running at 14708
2024-08-03 16:06:55 Check service status: flower -> running at 14709
2024-08-03 16:06:55 Check service status: beat -> running at 14710
2024-08-03 16:06:55 Check service status: celery_default -> running at 14711
2024-08-03 16:07:25 Check service status: gunicorn -> running at 14708
2024-08-03 16:07:25 Check service status: flower -> running at 14709
2024-08-03 16:07:25 Check service status: beat -> running at 14710
2024-08-03 16:07:25 Check service status: celery_default -> running at 14711
2024-08-03 16:07:55 Check service status: gunicorn -> running at 14708
2024-08-03 16:07:55 Check service status: flower -> running at 14709
2024-08-03 16:07:55 Check service status: beat -> running at 14710
2024-08-03 16:07:55 Check service status: celery_default -> running at 14711
2024-08-03 16:08:25 Check service status: gunicorn -> running at 14708
2024-08-03 16:08:25 Check service status: flower -> running at 14709
2024-08-03 16:08:25 Check service status: beat -> running at 14710
2024-08-03 16:08:25 Check service status: celery_default -> running at 14711
2024-08-03 16:08:55 Check service status: gunicorn -> running at 14708
2024-08-03 16:08:55 Check service status: flower -> running at 14709
2024-08-03 16:08:55 Check service status: beat -> running at 14710
2024-08-03 16:08:55 Check service status: celery_default -> running at 14711
2024-08-03 16:09:25 Check service status: gunicorn -> running at 14708
2024-08-03 16:09:25 Check service status: flower -> running at 14709
2024-08-03 16:09:25 Check service status: beat -> running at 14710
2024-08-03 16:09:25 Check service status: celery_default -> running at 14711
2024-08-03 16:09:55 Check service status: gunicorn -> running at 14708
2024-08-03 16:09:55 Check service status: flower -> running at 14709
2024-08-03 16:09:55 Check service status: beat -> running at 14710
2024-08-03 16:09:55 Check service status: celery_default -> running at 14711
2024-08-03 16:10:25 Check service status: gunicorn -> running at 14708
2024-08-03 16:10:25 Check service status: flower -> running at 14709
2024-08-03 16:10:25 Check service status: beat -> running at 14710
2024-08-03 16:10:25 Check service status: celery_default -> running at 14711
Stop service: gunicorn[31m Error[0m
Stop service: flower[31m Error[0m
Stop service: beat[31m Error[0m
Stop service: celery_default[31m Error[0m
