Exception ignored in: <module 'threading' from '/usr/lib64/python3.12/threading.py'>
Traceback (most recent call last):
  File "/usr/lib64/python3.12/threading.py", line 1600, in _shutdown
    atexit_call()
  File "/usr/lib64/python3.12/concurrent/futures/thread.py", line 31, in _python_exit
    t.join()
  File "/usr/lib64/python3.12/threading.py", line 1147, in join
    self._wait_for_tstate_lock()
  File "/usr/lib64/python3.12/threading.py", line 1167, in _wait_for_tstate_lock
    if lock.acquire(block, timeout):
       ^^^^^^^^^^^^^^^^^^^^^^^^^^^^
  File "/data/xadmin/py312/lib64/python3.12/site-packages/flower/command.py", line 29, in sigterm_handler
    sys.exit(0)
SystemExit: 0
Exception ignored in: <module 'threading' from '/usr/lib64/python3.12/threading.py'>
Traceback (most recent call last):
  File "/usr/lib64/python3.12/threading.py", line 1600, in _shutdown
    atexit_call()
  File "/usr/lib64/python3.12/concurrent/futures/thread.py", line 31, in _python_exit
    t.join()
  File "/usr/lib64/python3.12/threading.py", line 1147, in join
    self._wait_for_tstate_lock()
  File "/usr/lib64/python3.12/threading.py", line 1167, in _wait_for_tstate_lock
    if lock.acquire(block, timeout):
       ^^^^^^^^^^^^^^^^^^^^^^^^^^^^
  File "/data/xadmin/py312/lib64/python3.12/site-packages/flower/command.py", line 29, in sigterm_handler
    sys.exit(0)
SystemExit: 0
Exception ignored in: <module 'threading' from '/usr/lib64/python3.12/threading.py'>
Traceback (most recent call last):
  File "/usr/lib64/python3.12/threading.py", line 1600, in _shutdown
    atexit_call()
  File "/usr/lib64/python3.12/concurrent/futures/thread.py", line 31, in _python_exit
    t.join()
  File "/usr/lib64/python3.12/threading.py", line 1147, in join
    self._wait_for_tstate_lock()
  File "/usr/lib64/python3.12/threading.py", line 1167, in _wait_for_tstate_lock
    if lock.acquire(block, timeout):
       ^^^^^^^^^^^^^^^^^^^^^^^^^^^^
  File "/data/xadmin/py312/lib64/python3.12/site-packages/flower/command.py", line 29, in sigterm_handler
    sys.exit(0)
SystemExit: 0
